<?xml version="1.0" encoding="UTF-8"?>
<testsuite xmlns:xsi="http://www.w3.org/2001/XMLSchema-instance" xsi:noNamespaceSchemaLocation="https://maven.apache.org/surefire/maven-failsafe-plugin/xsd/failsafe-test-report.xsd" name="co.com.ath.automation.features.Runner" time="123.965" tests="88" errors="0" skipped="0" failures="4">
  <properties>
    <property name="idea.version" value="2018.2.2"/>
    <property name="java.runtime.name" value="Java(TM) SE Runtime Environment"/>
    <property name="cucumber.options" value="--tags @authentication"/>
    <property name="sun.boot.library.path" value="/Library/Java/JavaVirtualMachines/jdk1.8.0_60.jdk/Contents/Home/jre/lib"/>
    <property name="java.vm.version" value="25.60-b23"/>
    <property name="user.country.format" value="CO"/>
    <property name="gopherProxySet" value="false"/>
    <property name="java.vm.vendor" value="Oracle Corporation"/>
    <property name="maven.multiModuleProjectDirectory" value="/Users/patik/IdeaProjects/ath-automation"/>
    <property name="java.vendor.url" value="http://java.oracle.com/"/>
    <property name="path.separator" value=":"/>
    <property name="guice.disable.misplaced.annotation.check" value="true"/>
    <property name="java.vm.name" value="Java HotSpot(TM) 64-Bit Server VM"/>
    <property name="file.encoding.pkg" value="sun.io"/>
    <property name="env" value="staging"/>
    <property name="user.country" value="ES"/>
    <property name="sun.java.launcher" value="SUN_STANDARD"/>
    <property name="sun.os.patch.level" value="unknown"/>
    <property name="java.vm.specification.name" value="Java Virtual Machine Specification"/>
    <property name="user.dir" value="/Users/patik/IdeaProjects/ath-automation"/>
    <property name="java.runtime.version" value="1.8.0_60-b27"/>
    <property name="java.awt.graphicsenv" value="sun.awt.CGraphicsEnvironment"/>
    <property name="java.endorsed.dirs" value="/Library/Java/JavaVirtualMachines/jdk1.8.0_60.jdk/Contents/Home/jre/lib/endorsed"/>
    <property name="os.arch" value="x86_64"/>
    <property name="java.io.tmpdir" value="/var/folders/yc/5h1f1vt11fdgkfgbc2pqp1d00000gn/T/"/>
    <property name="line.separator" value="&#10;"/>
    <property name="java.vm.specification.vendor" value="Oracle Corporation"/>
    <property name="os.name" value="Mac OS X"/>
    <property name="classworlds.conf" value="/Applications/IntelliJ IDEA CE.app/Contents/plugins/maven/lib/maven3/bin/m2.conf"/>
    <property name="sun.jnu.encoding" value="UTF-8"/>
    <property name="java.library.path" value="/Users/patik/Library/Java/Extensions:/Library/Java/Extensions:/Network/Library/Java/Extensions:/System/Library/Java/Extensions:/usr/lib/java:."/>
    <property name="java.specification.name" value="Java Platform API Specification"/>
    <property name="java.class.version" value="52.0"/>
    <property name="sun.management.compiler" value="HotSpot 64-Bit Tiered Compilers"/>
    <property name="os.version" value="10.13.5"/>
    <property name="http.nonProxyHosts" value="LocalServer|*.LocalServer|LocalServer1|*.LocalServer1|sso.ath.com.co|*.sso.ath.com.co|athmbx02.ath.net|*.athmbx02.ath.net|athmbx03.ath.net|*.athmbx03.ath.net|athmbxcont.ath.net|*.athmbxcont.ath.net|10.129.0.214|10.129.0.215|10.129.0.51|ath.com.co|*.ath.com.co|athgatsvr.ath.c|*.athgatsvr.ath.c|mail.ath.net|*.mail.ath.net|outlook.ath.net|*.outlook.ath.net|correo.ath.net|*.correo.ath.net|autodiscover.ath.net|*.autodiscover.ath.net|correo.ath.com.co|*.correo.ath.com.co|intranetcorporativa.central.net|*.intranetcorporativa.central.net|intraweb.ath.com.co|*.intraweb.ath.com.co|10.129.68.46|intraweb.ath.com.co|*.intraweb.ath.com.co|172.17.5.237|10.130.2.148|10.130.2.149"/>
    <property name="user.home" value="/Users/patik"/>
    <property name="user.timezone" value="America/Bogota"/>
    <property name="java.awt.printerjob" value="sun.lwawt.macosx.CPrinterJob"/>
    <property name="java.specification.version" value="1.8"/>
    <property name="file.encoding" value="UTF-8"/>
    <property name="user.name" value="patik"/>
    <property name="java.class.path" value="/Applications/IntelliJ IDEA CE.app/Contents/plugins/maven/lib/maven3/boot/plexus-classworlds-2.5.2.jar:/Applications/IntelliJ IDEA CE.app/Contents/lib/idea_rt.jar"/>
    <property name="java.vm.specification.version" value="1.8"/>
    <property name="sun.arch.data.model" value="64"/>
    <property name="java.home" value="/Library/Java/JavaVirtualMachines/jdk1.8.0_60.jdk/Contents/Home/jre"/>
    <property name="sun.java.command" value="org.codehaus.classworlds.Launcher -Didea.version=2018.2.2 clean verify -Denv=staging -Dcucumber.options=--tags @authentication"/>
    <property name="java.specification.vendor" value="Oracle Corporation"/>
    <property name="user.language" value="es"/>
    <property name="awt.toolkit" value="sun.lwawt.macosx.LWCToolkit"/>
    <property name="java.vm.info" value="mixed mode"/>
    <property name="java.version" value="1.8.0_60"/>
    <property name="java.ext.dirs" value="/Users/patik/Library/Java/Extensions:/Library/Java/JavaVirtualMachines/jdk1.8.0_60.jdk/Contents/Home/jre/lib/ext:/Library/Java/Extensions:/Network/Library/Java/Extensions:/System/Library/Java/Extensions:/usr/lib/java"/>
    <property name="sun.boot.class.path" value="/Library/Java/JavaVirtualMachines/jdk1.8.0_60.jdk/Contents/Home/jre/lib/resources.jar:/Library/Java/JavaVirtualMachines/jdk1.8.0_60.jdk/Contents/Home/jre/lib/rt.jar:/Library/Java/JavaVirtualMachines/jdk1.8.0_60.jdk/Contents/Home/jre/lib/sunrsasign.jar:/Library/Java/JavaVirtualMachines/jdk1.8.0_60.jdk/Contents/Home/jre/lib/jsse.jar:/Library/Java/JavaVirtualMachines/jdk1.8.0_60.jdk/Contents/Home/jre/lib/jce.jar:/Library/Java/JavaVirtualMachines/jdk1.8.0_60.jdk/Contents/Home/jre/lib/charsets.jar:/Library/Java/JavaVirtualMachines/jdk1.8.0_60.jdk/Contents/Home/jre/lib/jfr.jar:/Library/Java/JavaVirtualMachines/jdk1.8.0_60.jdk/Contents/Home/jre/classes"/>
    <property name="java.vendor" value="Oracle Corporation"/>
    <property name="maven.home" value="/Applications/IntelliJ IDEA CE.app/Contents/plugins/maven/lib/maven3"/>
    <property name="file.separator" value="/"/>
    <property name="java.vendor.url.bug" value="http://bugreport.sun.com/bugreport/"/>
    <property name="sun.cpu.endian" value="little"/>
    <property name="sun.io.unicode.encoding" value="UnicodeBig"/>
    <property name="socksNonProxyHosts" value="LocalServer|*.LocalServer|LocalServer1|*.LocalServer1|sso.ath.com.co|*.sso.ath.com.co|athmbx02.ath.net|*.athmbx02.ath.net|athmbx03.ath.net|*.athmbx03.ath.net|athmbxcont.ath.net|*.athmbxcont.ath.net|10.129.0.214|10.129.0.215|10.129.0.51|ath.com.co|*.ath.com.co|athgatsvr.ath.c|*.athgatsvr.ath.c|mail.ath.net|*.mail.ath.net|outlook.ath.net|*.outlook.ath.net|correo.ath.net|*.correo.ath.net|autodiscover.ath.net|*.autodiscover.ath.net|correo.ath.com.co|*.correo.ath.com.co|intranetcorporativa.central.net|*.intranetcorporativa.central.net|intraweb.ath.com.co|*.intraweb.ath.com.co|10.129.68.46|intraweb.ath.com.co|*.intraweb.ath.com.co|172.17.5.237|10.130.2.148|10.130.2.149"/>
    <property name="ftp.nonProxyHosts" value="LocalServer|*.LocalServer|LocalServer1|*.LocalServer1|sso.ath.com.co|*.sso.ath.com.co|athmbx02.ath.net|*.athmbx02.ath.net|athmbx03.ath.net|*.athmbx03.ath.net|athmbxcont.ath.net|*.athmbxcont.ath.net|10.129.0.214|10.129.0.215|10.129.0.51|ath.com.co|*.ath.com.co|athgatsvr.ath.c|*.athgatsvr.ath.c|mail.ath.net|*.mail.ath.net|outlook.ath.net|*.outlook.ath.net|correo.ath.net|*.correo.ath.net|autodiscover.ath.net|*.autodiscover.ath.net|correo.ath.com.co|*.correo.ath.com.co|intranetcorporativa.central.net|*.intranetcorporativa.central.net|intraweb.ath.com.co|*.intraweb.ath.com.co|10.129.68.46|intraweb.ath.com.co|*.intraweb.ath.com.co|172.17.5.237|10.130.2.148|10.130.2.149"/>
    <property name="sun.cpu.isalist" value=""/>
  </properties>
  <testcase name="Given dato seguro en rojo solicita producto en azul" classname="Scenario: usuario con dato seguro en rojo solicita producto en azul" time="0.002"/>
  <testcase name="When el envia la peticion para ser autenticado" classname="Scenario: usuario con dato seguro en rojo solicita producto en azul" time="0"/>
  <testcase name="Then la peticion debe ser aprobada en rojo" classname="Scenario: usuario con dato seguro en rojo solicita producto en azul" time="0"/>
  <testcase name="Scenario: usuario con dato seguro en rojo solicita producto en azul" classname="Scenario: usuario con dato seguro en rojo solicita producto en azul" time="2.058"/>
  <testcase name="Given dato seguro en rojo solicita producto en verde" classname="Scenario: usuario con dato seguro en rojo solicita producto en verde" time="0"/>
  <testcase name="When el envia la peticion para ser autenticado" classname="Scenario: usuario con dato seguro en rojo solicita producto en verde" time="0"/>
  <testcase name="Then la peticion debe ser aprobada en rojo" classname="Scenario: usuario con dato seguro en rojo solicita producto en verde" time="0"/>
  <testcase name="Scenario: usuario con dato seguro en rojo solicita producto en verde" classname="Scenario: usuario con dato seguro en rojo solicita producto en verde" time="0.13"/>
  <testcase name="Given dato seguro en rojo solicita producto en rojo" classname="Scenario: usuario con dato seguro en rojo solicita producto en rojo" time="0"/>
  <testcase name="When el envia la peticion para ser autenticado" classname="Scenario: usuario con dato seguro en rojo solicita producto en rojo" time="0"/>
  <testcase name="Then la peticion debe ser aprobada en rojo" classname="Scenario: usuario con dato seguro en rojo solicita producto en rojo" time="0"/>
  <testcase name="Scenario: usuario con dato seguro en rojo solicita producto en rojo" classname="Scenario: usuario con dato seguro en rojo solicita producto en rojo" time="0.141"/>
  <testcase name="Given dato seguro en rojo y verde solicita producto en rojo" classname="Scenario: usuario con dato seguro en rojo y verde solicita producto en rojo" time="0"/>
  <testcase name="When el envia la peticion para ser autenticado" classname="Scenario: usuario con dato seguro en rojo y verde solicita producto en rojo" time="0"/>
  <testcase name="Then la peticion debe ser aprobada en rojo" classname="Scenario: usuario con dato seguro en rojo y verde solicita producto en rojo" time="0"/>
  <testcase name="Scenario: usuario con dato seguro en rojo y verde solicita producto en rojo" classname="Scenario: usuario con dato seguro en rojo y verde solicita producto en rojo" time="0.074"/>
  <testcase name="Given dato seguro en rojo y verde solicita producto en verde" classname="Scenario: usuario con dato seguro en rojo y verde solicita producto en verde" time="0"/>
  <testcase name="When el envia la peticion para ser autenticado" classname="Scenario: usuario con dato seguro en rojo y verde solicita producto en verde" time="0"/>
  <testcase name="Then la peticion debe ser aprobada en verde" classname="Scenario: usuario con dato seguro en rojo y verde solicita producto en verde" time="0"/>
  <testcase name="Scenario: usuario con dato seguro en rojo y verde solicita producto en verde" classname="Scenario: usuario con dato seguro en rojo y verde solicita producto en verde" time="0.11"/>
  <testcase name="Given dato seguro en rojo y verde solicita producto en azul" classname="Scenario: usuario con dato seguro en rojo y verde solicita producto en azul" time="0"/>
  <testcase name="When el envia la peticion para ser autenticado" classname="Scenario: usuario con dato seguro en rojo y verde solicita producto en azul" time="0"/>
  <testcase name="Then la peticion debe ser aprobada en rojo" classname="Scenario: usuario con dato seguro en rojo y verde solicita producto en azul" time="0"/>
  <testcase name="Scenario: usuario con dato seguro en rojo y verde solicita producto en azul" classname="Scenario: usuario con dato seguro en rojo y verde solicita producto en azul" time="0.115"/>
  <testcase name="Given dato seguro en rojo y azul solicita producto en rojo" classname="Scenario: usuario con dato seguro en rojo y azul solicita producto en rojo" time="0"/>
  <testcase name="When el envia la peticion para ser autenticado" classname="Scenario: usuario con dato seguro en rojo y azul solicita producto en rojo" time="0"/>
  <testcase name="Then la peticion debe ser aprobada en rojo" classname="Scenario: usuario con dato seguro en rojo y azul solicita producto en rojo" time="0"/>
  <testcase name="Scenario: usuario con dato seguro en rojo y azul solicita producto en rojo" classname="Scenario: usuario con dato seguro en rojo y azul solicita producto en rojo" time="0.089"/>
  <testcase name="Given dato seguro en rojo y azul solicita producto en verde" classname="Scenario: usuario con dato seguro en rojo y azul solicita producto en verde" time="0"/>
  <testcase name="When el envia la peticion para ser autenticado" classname="Scenario: usuario con dato seguro en rojo y azul solicita producto en verde" time="0"/>
  <testcase name="Then la peticion debe ser aprobada en rojo" classname="Scenario: usuario con dato seguro en rojo y azul solicita producto en verde" time="0"/>
  <testcase name="Scenario: usuario con dato seguro en rojo y azul solicita producto en verde" classname="Scenario: usuario con dato seguro en rojo y azul solicita producto en verde" time="0.094"/>
  <testcase name="Given dato seguro en rojo y azul solicita producto en azul" classname="Scenario: usuario con dato seguro en rojo y azul solicita producto en azul" time="0"/>
  <testcase name="When el envia la peticion para ser autenticado" classname="Scenario: usuario con dato seguro en rojo y azul solicita producto en azul" time="0"/>
  <testcase name="Then la peticion debe ser aprobada en azul" classname="Scenario: usuario con dato seguro en rojo y azul solicita producto en azul" time="0"/>
  <testcase name="Scenario: usuario con dato seguro en rojo y azul solicita producto en azul" classname="Scenario: usuario con dato seguro en rojo y azul solicita producto en azul" time="0.102"/>
  <testcase name="Given dato seguro en rojo - azul y verde solicita producto en rojo" classname="Scenario: usuario con dato seguro en rojo - azul y verde solicita producto en rojo" time="0"/>
  <testcase name="When el envia la peticion para ser autenticado" classname="Scenario: usuario con dato seguro en rojo - azul y verde solicita producto en rojo" time="0"/>
  <testcase name="Then la peticion debe ser aprobada en rojo" classname="Scenario: usuario con dato seguro en rojo - azul y verde solicita producto en rojo" time="0"/>
  <testcase name="Scenario: usuario con dato seguro en rojo - azul y verde solicita producto en rojo" classname="Scenario: usuario con dato seguro en rojo - azul y verde solicita producto en rojo" time="0.167"/>
  <testcase name="Given dato seguro en rojo - azul y verde solicita producto en verde" classname="Scenario: usuario con dato seguro en rojo - azul y verde solicita producto en verde" time="0"/>
  <testcase name="When el envia la peticion para ser autenticado" classname="Scenario: usuario con dato seguro en rojo - azul y verde solicita producto en verde" time="0"/>
  <testcase name="Then la peticion debe ser aprobada en verde" classname="Scenario: usuario con dato seguro en rojo - azul y verde solicita producto en verde" time="0"/>
  <testcase name="Scenario: usuario con dato seguro en rojo - azul y verde solicita producto en verde" classname="Scenario: usuario con dato seguro en rojo - azul y verde solicita producto en verde" time="0.131"/>
  <testcase name="Given dato seguro en rojo - azul y verde solicita producto en azul" classname="Scenario: usuario con dato seguro en rojo - azul y verde solicita producto en azul" time="0"/>
  <testcase name="When el envia la peticion para ser autenticado" classname="Scenario: usuario con dato seguro en rojo - azul y verde solicita producto en azul" time="0"/>
  <testcase name="Then la peticion debe ser aprobada en azul" classname="Scenario: usuario con dato seguro en rojo - azul y verde solicita producto en azul" time="0"/>
  <testcase name="Scenario: usuario con dato seguro en rojo - azul y verde solicita producto en azul" classname="Scenario: usuario con dato seguro en rojo - azul y verde solicita producto en azul" time="0.117"/>
  <testcase name="Given dato seguro en verde solicita producto en azul" classname="Scenario: usuario con dato seguro en verde solicita producto en azul" time="0"/>
  <testcase name="When el envia la peticion para ser autenticado" classname="Scenario: usuario con dato seguro en verde solicita producto en azul" time="0"/>
  <testcase name="Then la peticion debe ser aprobada en verde" classname="Scenario: usuario con dato seguro en verde solicita producto en azul" time="0"/>
  <testcase name="Scenario: usuario con dato seguro en verde solicita producto en azul" classname="Scenario: usuario con dato seguro en verde solicita producto en azul" time="0.159"/>
  <testcase name="Given dato seguro en verde solicita producto en verde" classname="Scenario: usuario con dato seguro en verde solicita producto en verde" time="0"/>
  <testcase name="When el envia la peticion para ser autenticado" classname="Scenario: usuario con dato seguro en verde solicita producto en verde" time="0"/>
  <testcase name="Then la peticion debe ser aprobada en verde" classname="Scenario: usuario con dato seguro en verde solicita producto en verde" time="0"/>
  <testcase name="Scenario: usuario con dato seguro en verde solicita producto en verde" classname="Scenario: usuario con dato seguro en verde solicita producto en verde" time="0.136"/>
  <testcase name="Given dato seguro en verde solicita producto en rojo" classname="Scenario: usuario con dato seguro en verde solicita producto en rojo" time="0.001"/>
  <testcase name="When el envia la peticion para ser autenticado" classname="Scenario: usuario con dato seguro en verde solicita producto en rojo" time="0"/>
  <testcase name="Then la peticion debe ser aprobada en verde" classname="Scenario: usuario con dato seguro en verde solicita producto en rojo" time="0"/>
  <testcase name="Scenario: usuario con dato seguro en verde solicita producto en rojo" classname="Scenario: usuario con dato seguro en verde solicita producto en rojo" time="0.142"/>
  <testcase name="Given dato seguro en verde y azul solicita producto en rojo" classname="Scenario: usuario con dato seguro en verde y azul solicita producto en rojo" time="0"/>
  <testcase name="When el envia la peticion para ser autenticado" classname="Scenario: usuario con dato seguro en verde y azul solicita producto en rojo" time="0"/>
  <testcase name="Then la peticion debe ser aprobada en azul" classname="Scenario: usuario con dato seguro en verde y azul solicita producto en rojo" time="0"/>
  <testcase name="Scenario: usuario con dato seguro en verde y azul solicita producto en rojo" classname="Scenario: usuario con dato seguro en verde y azul solicita producto en rojo" time="0.152"/>
  <testcase name="Given dato seguro en verde y azul solicita producto en verde" classname="Scenario: usuario con dato seguro en verde y azul solicita producto en verde" time="0"/>
  <testcase name="When el envia la peticion para ser autenticado" classname="Scenario: usuario con dato seguro en verde y azul solicita producto en verde" time="0"/>
  <testcase name="Then la peticion debe ser aprobada en verde" classname="Scenario: usuario con dato seguro en verde y azul solicita producto en verde" time="0.006">
    <failure message="&#10;Expected: &lt;10029&gt;&#10;     but: was &lt;10236&gt;" type="java.lang.AssertionError"><![CDATA[java.lang.AssertionError: 

Expected: <10029>
     but: was <10236>
]]></failure>
  </testcase>
  <testcase name="Scenario: usuario con dato seguro en verde y azul solicita producto en verde" classname="Scenario: usuario con dato seguro en verde y azul solicita producto en verde" time="0.006">
    <failure message="&#10;Expected: &lt;10029&gt;&#10;     but: was &lt;10236&gt;" type="java.lang.AssertionError"><![CDATA[java.lang.AssertionError: 

Expected: <10029>
     but: was <10236>
]]></failure>
  </testcase>
  <testcase name="Given dato seguro en verde y azul solicita producto en azul" classname="Scenario: usuario con dato seguro en verde y azul solicita producto en azul" time="0"/>
  <testcase name="When el envia la peticion para ser autenticado" classname="Scenario: usuario con dato seguro en verde y azul solicita producto en azul" time="0"/>
  <testcase name="Then la peticion debe ser aprobada en azul" classname="Scenario: usuario con dato seguro en verde y azul solicita producto en azul" time="0"/>
  <testcase name="Scenario: usuario con dato seguro en verde y azul solicita producto en azul" classname="Scenario: usuario con dato seguro en verde y azul solicita producto en azul" time="0.118"/>
  <testcase name="Given dato seguro en azul solicita producto en rojo" classname="Scenario: usuario con dato seguro en azul solicita producto en rojo" time="0"/>
  <testcase name="When el envia la peticion para ser autenticado" classname="Scenario: usuario con dato seguro en azul solicita producto en rojo" time="0"/>
  <testcase name="Then la peticion debe ser aprobada en azul" classname="Scenario: usuario con dato seguro en azul solicita producto en rojo" time="0"/>
  <testcase name="Scenario: usuario con dato seguro en azul solicita producto en rojo" classname="Scenario: usuario con dato seguro en azul solicita producto en rojo" time="0.176"/>
  <testcase name="Given dato seguro en azul solicita producto en verde" classname="Scenario: usuario con dato seguro en azul solicita producto en verde" time="0"/>
  <testcase name="When el envia la peticion para ser autenticado" classname="Scenario: usuario con dato seguro en azul solicita producto en verde" time="0"/>
  <testcase name="Then la peticion debe ser aprobada en azul" classname="Scenario: usuario con dato seguro en azul solicita producto en verde" time="0"/>
  <testcase name="Scenario: usuario con dato seguro en azul solicita producto en verde" classname="Scenario: usuario con dato seguro en azul solicita producto en verde" time="0.127"/>
  <testcase name="Given dato seguro en azul solicita producto en azul" classname="Scenario: usuario con dato seguro en azul solicita producto en azul" time="0"/>
  <testcase name="When el envia la peticion para ser autenticado" classname="Scenario: usuario con dato seguro en azul solicita producto en azul" time="0"/>
  <testcase name="Then la peticion debe ser aprobada en azul" classname="Scenario: usuario con dato seguro en azul solicita producto en azul" time="0"/>
  <testcase name="Scenario: usuario con dato seguro en azul solicita producto en azul" classname="Scenario: usuario con dato seguro en azul solicita producto en azul" time="0.14"/>
  <testcase name="Given usuario sin dato seguro solicita producto" classname="Scenario: usuario sin dato seguro solicita producto" time="0"/>
  <testcase name="When el envia la peticion para ser autenticado" classname="Scenario: usuario sin dato seguro solicita producto" time="0"/>
  <testcase name="Then la peticion debe ser aprobada en cifin" classname="Scenario: usuario sin dato seguro solicita producto" time="0.001">
    <failure message="&#10;Expected: &lt;10999&gt;&#10;     but: was &lt;10236&gt;" type="java.lang.AssertionError"><![CDATA[java.lang.AssertionError: 

Expected: <10999>
     but: was <10236>
]]></failure>
  </testcase>
  <testcase name="Scenario: usuario sin dato seguro solicita producto" classname="Scenario: usuario sin dato seguro solicita producto" time="0.001">
    <failure message="&#10;Expected: &lt;10999&gt;&#10;     but: was &lt;10236&gt;" type="java.lang.AssertionError"><![CDATA[java.lang.AssertionError: 

Expected: <10999>
     but: was <10236>
]]></failure>
  </testcase>
</testsuite>