<?xml version="1.0" encoding="UTF-8"?>
<testsuite xmlns:xsi="http://www.w3.org/2001/XMLSchema-instance" xsi:noNamespaceSchemaLocation="https://maven.apache.org/surefire/maven-failsafe-plugin/xsd/failsafe-test-report.xsd" name="co.com.ath.automation.features.Runner" time="76.597" tests="53" errors="0" skipped="0" failures="0">
  <properties>
    <property name="idea.version" value="2018.2.4"/>
    <property name="java.runtime.name" value="Java(TM) SE Runtime Environment"/>
    <property name="cucumber.options" value="--tags @Deceval"/>
    <property name="sun.boot.library.path" value="/Library/Java/JavaVirtualMachines/jdk1.8.0_181.jdk/Contents/Home/jre/lib"/>
    <property name="java.vm.version" value="25.181-b13"/>
    <property name="gopherProxySet" value="false"/>
    <property name="java.vm.vendor" value="Oracle Corporation"/>
    <property name="eny" value="staging"/>
    <property name="maven.multiModuleProjectDirectory" value="/Users/daniel.martin/Documents/git/test/automatizacion/App/Automation_apis"/>
    <property name="java.vendor.url" value="http://java.oracle.com/"/>
    <property name="path.separator" value=":"/>
    <property name="guice.disable.misplaced.annotation.check" value="true"/>
    <property name="java.vm.name" value="Java HotSpot(TM) 64-Bit Server VM"/>
    <property name="file.encoding.pkg" value="sun.io"/>
    <property name="user.country" value="CO"/>
    <property name="sun.java.launcher" value="SUN_STANDARD"/>
    <property name="sun.os.patch.level" value="unknown"/>
    <property name="java.vm.specification.name" value="Java Virtual Machine Specification"/>
    <property name="user.dir" value="/Users/daniel.martin/Documents/git/test/automatizacion/App/Automation_apis"/>
    <property name="java.runtime.version" value="1.8.0_181-b13"/>
    <property name="java.awt.graphicsenv" value="sun.awt.CGraphicsEnvironment"/>
    <property name="java.endorsed.dirs" value="/Library/Java/JavaVirtualMachines/jdk1.8.0_181.jdk/Contents/Home/jre/lib/endorsed"/>
    <property name="os.arch" value="x86_64"/>
    <property name="java.io.tmpdir" value="/var/folders/n1/rycyvygx43lbkq4hb1fxf5z4m73slv/T/"/>
    <property name="line.separator" value="&#10;"/>
    <property name="java.vm.specification.vendor" value="Oracle Corporation"/>
    <property name="os.name" value="Mac OS X"/>
    <property name="classworlds.conf" value="/private/var/folders/n1/rycyvygx43lbkq4hb1fxf5z4m73slv/T/AppTranslocation/A175E5A2-ECE7-4FEA-96E2-D7EEAD1631E2/d/IntelliJ IDEA CE.app/Contents/plugins/maven/lib/maven3/bin/m2.conf"/>
    <property name="sun.jnu.encoding" value="UTF-8"/>
    <property name="java.library.path" value="/Users/daniel.martin/Library/Java/Extensions:/Library/Java/Extensions:/Network/Library/Java/Extensions:/System/Library/Java/Extensions:/usr/lib/java:."/>
    <property name="java.specification.name" value="Java Platform API Specification"/>
    <property name="java.class.version" value="52.0"/>
    <property name="sun.management.compiler" value="HotSpot 64-Bit Tiered Compilers"/>
    <property name="os.version" value="10.13.3"/>
    <property name="http.nonProxyHosts" value="local|*.local|169.254/16|*.169.254/16"/>
    <property name="user.home" value="/Users/daniel.martin"/>
    <property name="user.timezone" value="America/Bogota"/>
    <property name="java.awt.printerjob" value="sun.lwawt.macosx.CPrinterJob"/>
    <property name="java.specification.version" value="1.8"/>
    <property name="file.encoding" value="UTF-8"/>
    <property name="user.name" value="daniel.martin"/>
    <property name="java.class.path" value="/private/var/folders/n1/rycyvygx43lbkq4hb1fxf5z4m73slv/T/AppTranslocation/A175E5A2-ECE7-4FEA-96E2-D7EEAD1631E2/d/IntelliJ IDEA CE.app/Contents/plugins/maven/lib/maven3/boot/plexus-classworlds-2.5.2.jar:/private/var/folders/n1/rycyvygx43lbkq4hb1fxf5z4m73slv/T/AppTranslocation/A175E5A2-ECE7-4FEA-96E2-D7EEAD1631E2/d/IntelliJ IDEA CE.app/Contents/lib/idea_rt.jar"/>
    <property name="java.vm.specification.version" value="1.8"/>
    <property name="sun.arch.data.model" value="64"/>
    <property name="java.home" value="/Library/Java/JavaVirtualMachines/jdk1.8.0_181.jdk/Contents/Home/jre"/>
    <property name="sun.java.command" value="org.codehaus.classworlds.Launcher -Didea.version=2018.2.4 clean verify -Deny=staging -Dcucumber.options=--tags @Deceval"/>
    <property name="java.specification.vendor" value="Oracle Corporation"/>
    <property name="user.language" value="es"/>
    <property name="awt.toolkit" value="sun.lwawt.macosx.LWCToolkit"/>
    <property name="java.vm.info" value="mixed mode"/>
    <property name="java.version" value="1.8.0_181"/>
    <property name="java.ext.dirs" value="/Users/daniel.martin/Library/Java/Extensions:/Library/Java/JavaVirtualMachines/jdk1.8.0_181.jdk/Contents/Home/jre/lib/ext:/Library/Java/Extensions:/Network/Library/Java/Extensions:/System/Library/Java/Extensions:/usr/lib/java"/>
    <property name="sun.boot.class.path" value="/Library/Java/JavaVirtualMachines/jdk1.8.0_181.jdk/Contents/Home/jre/lib/resources.jar:/Library/Java/JavaVirtualMachines/jdk1.8.0_181.jdk/Contents/Home/jre/lib/rt.jar:/Library/Java/JavaVirtualMachines/jdk1.8.0_181.jdk/Contents/Home/jre/lib/sunrsasign.jar:/Library/Java/JavaVirtualMachines/jdk1.8.0_181.jdk/Contents/Home/jre/lib/jsse.jar:/Library/Java/JavaVirtualMachines/jdk1.8.0_181.jdk/Contents/Home/jre/lib/jce.jar:/Library/Java/JavaVirtualMachines/jdk1.8.0_181.jdk/Contents/Home/jre/lib/charsets.jar:/Library/Java/JavaVirtualMachines/jdk1.8.0_181.jdk/Contents/Home/jre/lib/jfr.jar:/Library/Java/JavaVirtualMachines/jdk1.8.0_181.jdk/Contents/Home/jre/classes"/>
    <property name="java.vendor" value="Oracle Corporation"/>
    <property name="maven.home" value="/private/var/folders/n1/rycyvygx43lbkq4hb1fxf5z4m73slv/T/AppTranslocation/A175E5A2-ECE7-4FEA-96E2-D7EEAD1631E2/d/IntelliJ IDEA CE.app/Contents/plugins/maven/lib/maven3"/>
    <property name="file.separator" value="/"/>
    <property name="java.vendor.url.bug" value="http://bugreport.sun.com/bugreport/"/>
    <property name="sun.cpu.endian" value="little"/>
    <property name="sun.io.unicode.encoding" value="UnicodeBig"/>
    <property name="socksNonProxyHosts" value="local|*.local|169.254/16|*.169.254/16"/>
    <property name="ftp.nonProxyHosts" value="local|*.local|169.254/16|*.169.254/16"/>
    <property name="sun.cpu.isalist" value=""/>
  </properties>
  <testcase name="Given usuario Nuevo solicita consulta pagare sin pdf" classname="Scenario: Consulta de pagare en deceval sin pdf" time="0.001"/>
  <testcase name="When envia la peticion de consulta sin pdf a deceval" classname="Scenario: Consulta de pagare en deceval sin pdf" time="0"/>
  <testcase name="Then la consulta debe ser aprobada pagare" classname="Scenario: Consulta de pagare en deceval sin pdf" time="0"/>
  <testcase name="Scenario: Consulta de pagare en deceval sin pdf" classname="Scenario: Consulta de pagare en deceval sin pdf" time="1.433"/>
  <testcase name="Given usuario Nuevo solicita consulta pagare con pdf" classname="Scenario: Consulta de pagare en deceval con pdf" time="0"/>
  <testcase name="When envia la peticion de consulta con pdf a  deceval" classname="Scenario: Consulta de pagare en deceval con pdf" time="0"/>
  <testcase name="Then la consulta debe ser aprobada pagare" classname="Scenario: Consulta de pagare en deceval con pdf" time="0"/>
  <testcase name="Scenario: Consulta de pagare en deceval con pdf" classname="Scenario: Consulta de pagare en deceval con pdf" time="0.069"/>
  <testcase name="Given usuario Nuevo solicita crear otorgante" classname="Scenario: usuario nuevo crea otorgante" time="0.001"/>
  <testcase name="When envia la peticion para crear otorgante" classname="Scenario: usuario nuevo crea otorgante" time="0"/>
  <testcase name="Then la consulta debe ser aprobada otorgante" classname="Scenario: usuario nuevo crea otorgante" time="0"/>
  <testcase name="And el cliente ya existe" classname="Scenario: usuario nuevo crea otorgante" time="0"/>
  <testcase name="Scenario: usuario nuevo crea otorgante" classname="Scenario: usuario nuevo crea otorgante" time="0.064"/>
  <testcase name="Given usuario Nuevo solicita crear pagare" classname="Scenario: usuario nuevo crea pagare" time="0"/>
  <testcase name="When envia la peticion para crear pagare" classname="Scenario: usuario nuevo crea pagare" time="0"/>
  <testcase name="Then la consulta debe ser aprobada pagare" classname="Scenario: usuario nuevo crea pagare" time="0"/>
  <testcase name="Scenario: usuario nuevo crea pagare" classname="Scenario: usuario nuevo crea pagare" time="0.048"/>
  <testcase name="Given usuario Nuevo solicita firmar pagare" classname="Scenario: usuario nuevo Firma pagare" time="0"/>
  <testcase name="When envia la peticion para firmar pagare" classname="Scenario: usuario nuevo Firma pagare" time="0"/>
  <testcase name="Then la firma debe ser aprobada" classname="Scenario: usuario nuevo Firma pagare" time="0"/>
  <testcase name="Scenario: usuario nuevo Firma pagare" classname="Scenario: usuario nuevo Firma pagare" time="0.04"/>
  <testcase name="Given usuario solicita crear nuevo otorgante con fecha hoy incorrecta" classname="Scenario: usuario crea nuevo otorgante con fecha hoy incorrecta" time="0"/>
  <testcase name="When usuario envia solicitud crear nuevo otorgante" classname="Scenario: usuario crea nuevo otorgante con fecha hoy incorrecta" time="0"/>
  <testcase name="Then la solicitud es rechazada por fecha incorrecta" classname="Scenario: usuario crea nuevo otorgante con fecha hoy incorrecta" time="0"/>
  <testcase name="Scenario: usuario crea nuevo otorgante con fecha hoy incorrecta" classname="Scenario: usuario crea nuevo otorgante con fecha hoy incorrecta" time="0.067"/>
  <testcase name="Given usuario envia creacion otorgante sin algun campo obligatorio" classname="Scenario: usuario envia creacion otorgante sin numero documento" time="0.001"/>
  <testcase name="When usuario envia solicitud crear nuevo otorgante sin algun campo obligatorio" classname="Scenario: usuario envia creacion otorgante sin numero documento" time="0"/>
  <testcase name="Then la solicitud es rechazada indicando el error en el header" classname="Scenario: usuario envia creacion otorgante sin numero documento" time="0"/>
  <testcase name="Scenario: usuario envia creacion otorgante sin numero documento" classname="Scenario: usuario envia creacion otorgante sin numero documento" time="0.054"/>
  <testcase name="Given usuario envia solicitud consulta pagare con pdf con id inexistente" classname="Scenario: usuario envia solicitud de consulta pagare con pdf con id inexistente" time="0"/>
  <testcase name="When usuario envia solicitud consulta pagare con pdf" classname="Scenario: usuario envia solicitud de consulta pagare con pdf con id inexistente" time="0"/>
  <testcase name="Then el servicio debe responder no existe id pagare" classname="Scenario: usuario envia solicitud de consulta pagare con pdf con id inexistente" time="0"/>
  <testcase name="Scenario: usuario envia solicitud de consulta pagare con pdf con id inexistente" classname="Scenario: usuario envia solicitud de consulta pagare con pdf con id inexistente" time="0.075"/>
  <testcase name="Given usuario envia solicitud de consulta con fecha hoy" classname="Scenario: usuario envia solicitud de consulta con fecha hoy incorrecta" time="0"/>
  <testcase name="When usuario envia solicitud consulta pagare con pdf con fecha hoy incorrecta" classname="Scenario: usuario envia solicitud de consulta con fecha hoy incorrecta" time="0"/>
  <testcase name="Then el servicio debe responder error en fecha hoy" classname="Scenario: usuario envia solicitud de consulta con fecha hoy incorrecta" time="0"/>
  <testcase name="Scenario: usuario envia solicitud de consulta con fecha hoy incorrecta" classname="Scenario: usuario envia solicitud de consulta con fecha hoy incorrecta" time="0.055"/>
  <testcase name="Given usuario envia solicitud de consulta pagare sin algun campo obligatorio" classname="Scenario: usuario envia solicitud de consulta sin algun campo obligatorio" time="0"/>
  <testcase name="When usuario envia solicitud de consulta pagare sin campo pagare" classname="Scenario: usuario envia solicitud de consulta sin algun campo obligatorio" time="0"/>
  <testcase name="Then la solicitud es rechazada indicando pagare requerido" classname="Scenario: usuario envia solicitud de consulta sin algun campo obligatorio" time="0"/>
  <testcase name="Scenario: usuario envia solicitud de consulta sin algun campo obligatorio" classname="Scenario: usuario envia solicitud de consulta sin algun campo obligatorio" time="0.068"/>
  <testcase name="Given el usuario solicita crear pagare sin cuenta otorgante" classname="Scenario: usuario solicita crear pagare sin cuenta otorgante" time="0"/>
  <testcase name="When el usuario envia la peticion para crear pagare sin cuenta otorgante" classname="Scenario: usuario solicita crear pagare sin cuenta otorgante" time="0"/>
  <testcase name="Then el pagare debe ser creado si se envia numero de documento" classname="Scenario: usuario solicita crear pagare sin cuenta otorgante" time="0"/>
  <testcase name="Scenario: usuario solicita crear pagare sin cuenta otorgante" classname="Scenario: usuario solicita crear pagare sin cuenta otorgante" time="0.044"/>
  <testcase name="Given el usuario solicita crear pagare sin numero pagare" classname="Scenario: usuario solicita crear pagare sin numero pagare entidad" time="0"/>
  <testcase name="When envia la peticion crear pagare sin numero pagare" classname="Scenario: usuario solicita crear pagare sin numero pagare entidad" time="0"/>
  <testcase name="Then el servicio debe generar error en la creacion de pagare" classname="Scenario: usuario solicita crear pagare sin numero pagare entidad" time="0"/>
  <testcase name="Scenario: usuario solicita crear pagare sin numero pagare entidad" classname="Scenario: usuario solicita crear pagare sin numero pagare entidad" time="0.062"/>
  <testcase name="Given el usuario solicita firmar pagare con id inexistente" classname="Scenario: usuario solicita firmar pagare con id pagare" time="0"/>
  <testcase name="When envia la peticion firmar pagare con id" classname="Scenario: usuario solicita firmar pagare con id pagare" time="0"/>
  <testcase name="Then el servicio debe generar error id pagare no existe" classname="Scenario: usuario solicita firmar pagare con id pagare" time="0"/>
  <testcase name="Scenario: usuario solicita firmar pagare con id pagare" classname="Scenario: usuario solicita firmar pagare con id pagare" time="0.072"/>
</testsuite>